[debug] [2022-07-13T00:40:29.069Z] ----------------------------------------------------------------------
[debug] [2022-07-13T00:40:29.071Z] Command:       C:\Program Files\nodejs\node.exe C:\Users\jdann\AppData\Roaming\npm\node_modules\firebase-tools\lib\bin\firebase.js init
[debug] [2022-07-13T00:40:29.071Z] CLI Version:   11.2.2
[debug] [2022-07-13T00:40:29.071Z] Platform:      win32
[debug] [2022-07-13T00:40:29.071Z] Node Version:  v16.15.1
[debug] [2022-07-13T00:40:29.072Z] Time:          Tue Jul 12 2022 17:40:29 GMT-0700 (hora de verano del Pacífico)
[debug] [2022-07-13T00:40:29.072Z] ----------------------------------------------------------------------
[debug] 
[debug] [2022-07-13T00:40:29.078Z] > command requires scopes: ["email","openid","https://www.googleapis.com/auth/cloudplatformprojects.readonly","https://www.googleapis.com/auth/firebase","https://www.googleapis.com/auth/cloud-platform"]
[debug] [2022-07-13T00:40:29.078Z] > authorizing via signed-in user (kimkpgs98@gmail.com)
[info] 
     ######## #### ########  ######## ########     ###     ######  ########
     ##        ##  ##     ## ##       ##     ##  ##   ##  ##       ##
     ######    ##  ########  ######   ########  #########  ######  ######
     ##        ##  ##    ##  ##       ##     ## ##     ##       ## ##
     ##       #### ##     ## ######## ########  ##     ##  ######  ########

You're about to initialize a Firebase project in this directory:

  c:\github\youtube-playlist

Before we get started, keep in mind:

  * You are currently outside your home directory

